2024-08-02 01:04:17,277 INFO o.h.v.i.u.Version [background-preinit] HV000001: Hibernate Validator 8.0.0.Final
2024-08-02 01:04:17,346 INFO o.s.b.StartupInfoLogger [restartedMain] Starting FilmLibraryApplication using Java 17.0.1 with PID 8552 (C:\Users\stadm\IdeaProjects\FilmLibrary\target\classes started by stadm in C:\Users\stadm\IdeaProjects\FilmLibrary)
2024-08-02 01:04:17,354 INFO o.s.b.SpringApplication [restartedMain] No active profile set, falling back to 1 default profile: "default"
2024-08-02 01:04:17,913 INFO o.s.b.l.DeferredLog [restartedMain] Devtools property defaults active! Set 'spring.devtools.add-properties' to 'false' to disable
2024-08-02 01:04:17,914 INFO o.s.b.l.DeferredLog [restartedMain] For additional web related logging consider setting the 'logging.level.web' property to 'DEBUG'
2024-08-02 01:04:19,291 INFO o.s.d.r.c.RepositoryConfigurationDelegate [restartedMain] Bootstrapping Spring Data JPA repositories in DEFAULT mode.
2024-08-02 01:04:19,395 INFO o.s.d.r.c.RepositoryConfigurationDelegate [restartedMain] Finished Spring Data repository scanning in 91 ms. Found 4 JPA repository interfaces.
2024-08-02 01:04:20,380 INFO o.s.b.w.e.t.TomcatWebServer [restartedMain] Tomcat initialized with port(s): 8080 (http)
2024-08-02 01:04:20,393 INFO o.a.j.l.DirectJDKLog [restartedMain] Initializing ProtocolHandler ["http-nio-8080"]
2024-08-02 01:04:20,394 INFO o.a.j.l.DirectJDKLog [restartedMain] Starting service [Tomcat]
2024-08-02 01:04:20,395 INFO o.a.j.l.DirectJDKLog [restartedMain] Starting Servlet engine: [Apache Tomcat/10.1.7]
2024-08-02 01:04:20,503 INFO o.a.j.l.DirectJDKLog [restartedMain] Initializing Spring embedded WebApplicationContext
2024-08-02 01:04:20,504 INFO o.s.b.w.s.c.ServletWebServerApplicationContext [restartedMain] Root WebApplicationContext: initialization completed in 2586 ms
2024-08-02 01:04:20,763 INFO o.h.j.i.u.LogHelper [restartedMain] HHH000204: Processing PersistenceUnitInfo [name: default]
2024-08-02 01:04:20,837 INFO o.h.Version [restartedMain] HHH000412: Hibernate ORM core version 6.1.7.Final
2024-08-02 01:04:21,253 INFO c.z.h.HikariDataSource [restartedMain] HikariPool-1 - Starting...
2024-08-02 01:04:21,458 INFO c.z.h.p.HikariPool [restartedMain] HikariPool-1 - Added connection org.postgresql.jdbc.PgConnection@62b0475a
2024-08-02 01:04:21,461 INFO c.z.h.HikariDataSource [restartedMain] HikariPool-1 - Start completed.
2024-08-02 01:04:21,523 INFO o.h.e.j.d.i.DialectFactoryImpl [restartedMain] HHH000400: Using dialect: org.hibernate.dialect.PostgreSQLDialect
2024-08-02 01:04:21,844 WARN o.h.b.i.InFlightMetadataCollectorImpl [restartedMain] HHH000069: Duplicate generator name default_generator
2024-08-02 01:04:21,860 WARN o.h.b.i.InFlightMetadataCollectorImpl [restartedMain] HHH000069: Duplicate generator name default_generator
2024-08-02 01:04:21,879 WARN o.h.b.i.InFlightMetadataCollectorImpl [restartedMain] HHH000069: Duplicate generator name default_generator
2024-08-02 01:04:23,190 INFO o.h.e.t.j.p.i.JtaPlatformInitiator [restartedMain] HHH000490: Using JtaPlatform implementation: [org.hibernate.engine.transaction.jta.platform.internal.NoJtaPlatform]
2024-08-02 01:04:23,205 INFO o.s.o.j.AbstractEntityManagerFactoryBean [restartedMain] Initialized JPA EntityManagerFactory for persistence unit 'default'
2024-08-02 01:04:24,915 WARN o.s.b.a.o.j.JpaBaseConfiguration$JpaWebConfiguration [restartedMain] spring.jpa.open-in-view is enabled by default. Therefore, database queries may be performed during view rendering. Explicitly configure spring.jpa.open-in-view to disable this warning
2024-08-02 01:04:25,068 INFO o.s.b.a.w.s.WelcomePageHandlerMapping [restartedMain] Adding welcome page template: index
2024-08-02 01:04:26,796 INFO o.s.s.w.DefaultSecurityFilterChain [restartedMain] Will secure any request with [org.springframework.security.web.session.DisableEncodeUrlFilter@313ab168, org.springframework.security.web.context.request.async.WebAsyncManagerIntegrationFilter@7dfc644e, org.springframework.security.web.context.SecurityContextHolderFilter@1150062b, org.springframework.security.web.header.HeaderWriterFilter@5abf8d32, org.springframework.security.web.authentication.logout.LogoutFilter@adb70f3, org.springframework.security.web.authentication.UsernamePasswordAuthenticationFilter@d237e88, org.springframework.security.web.savedrequest.RequestCacheAwareFilter@4a7b5bab, org.springframework.security.web.servletapi.SecurityContextHolderAwareRequestFilter@5c49691b, org.springframework.security.web.authentication.AnonymousAuthenticationFilter@6b3d9247, org.springframework.security.web.access.ExceptionTranslationFilter@35140910, org.springframework.security.web.access.intercept.AuthorizationFilter@6cc419d8]
2024-08-02 01:04:27,358 INFO o.s.b.d.a.OptionalLiveReloadServer [restartedMain] LiveReload server is running on port 35729
2024-08-02 01:04:27,387 INFO o.a.j.l.DirectJDKLog [restartedMain] Starting ProtocolHandler ["http-nio-8080"]
2024-08-02 01:04:27,418 INFO o.s.b.w.e.t.TomcatWebServer [restartedMain] Tomcat started on port(s): 8080 (http) with context path ''
2024-08-02 01:04:27,433 INFO o.s.b.StartupInfoLogger [restartedMain] Started FilmLibraryApplication in 10.816 seconds (process running for 13.098)
2024-08-02 01:04:31,249 INFO o.a.j.l.DirectJDKLog [http-nio-8080-exec-1] Initializing Spring DispatcherServlet 'dispatcherServlet'
2024-08-02 01:04:31,250 INFO o.s.w.s.FrameworkServlet [http-nio-8080-exec-1] Initializing Servlet 'dispatcherServlet'
2024-08-02 01:04:31,253 INFO o.s.w.s.FrameworkServlet [http-nio-8080-exec-1] Completed initialization in 3 ms
2024-08-02 01:04:31,751 WARN o.a.j.l.DirectJDKLog [http-nio-8080-exec-2] Creation of SecureRandom instance for session ID generation using [SHA1PRNG] took [166] milliseconds.
